2023-04-18 20:46:07 INFO  Log:12 - **
2023-04-18 20:46:07 INFO  Log:13 - **
2023-04-18 20:46:07 INFO  Log:14 - **This is the beginning of my Test case**
2023-04-18 20:46:07 INFO  Log:28 - My test case is executing right now
2023-04-18 20:46:07 INFO  Log:33 - My test case might have some trivial issues
2023-04-18 20:47:30 INFO  Log:28 - This test case is about to get completed
2023-04-18 20:47:30 INFO  Log:20 - ######################################
2023-04-18 20:47:30 INFO  Log:21 - ######################################
2023-04-18 20:47:30 INFO  Log:22 - #################This test case is finished#####################
2023-04-19 13:34:49 INFO  Log:12 - **
2023-04-19 13:34:49 INFO  Log:13 - **
2023-04-19 13:34:49 INFO  Log:14 - **This is the beginning of my Test case**
2023-04-19 13:34:49 INFO  Log:28 - My test case is executing right now
2023-04-19 13:34:49 INFO  Log:33 - My test case might have some trivial issues
2023-04-19 13:34:55 INFO  Log:28 - This test case is about to get completed
2023-04-19 13:34:55 INFO  Log:20 - ######################################
2023-04-19 13:34:55 INFO  Log:21 - ######################################
2023-04-19 13:34:55 INFO  Log:22 - #################This test case is finished#####################
2023-05-13 12:40:25 INFO  Log:12 - **
2023-05-13 12:40:25 INFO  Log:13 - **
2023-05-13 12:40:25 INFO  Log:14 - **This is the beginning of my Test case**
2023-05-13 12:40:25 INFO  Log:28 - My test case is executing right now
2023-05-13 12:40:25 INFO  Log:33 - My test case might have some trivial issues
2023-05-13 12:40:32 INFO  Log:28 - This test case is about to get completed
2023-05-13 12:40:32 INFO  Log:20 - ######################################
2023-05-13 12:40:32 INFO  Log:21 - ######################################
2023-05-13 12:40:32 INFO  Log:22 - #################This test case is finished#####################
2023-05-13 12:41:48 INFO  Log:12 - **
2023-05-13 12:41:48 INFO  Log:13 - **
2023-05-13 12:41:48 INFO  Log:14 - **This is the beginning of my Test case**
2023-05-13 12:41:48 INFO  Log:28 - My test case is executing right now
2023-05-13 12:41:48 INFO  Log:33 - My test case might have some trivial issues
2023-05-13 12:41:55 INFO  Log:28 - This test case is about to get completed
2023-05-13 12:41:55 INFO  Log:20 - ######################################
2023-05-13 12:41:55 INFO  Log:21 - ######################################
2023-05-13 12:41:55 INFO  Log:22 - #################This test case is finished#####################
2023-05-13 12:42:12 INFO  Log:12 - **
2023-05-13 12:42:12 INFO  Log:13 - **
2023-05-13 12:42:12 INFO  Log:14 - **This is the beginning of my Test case**
2023-05-13 12:42:12 INFO  Log:28 - My test case is executing right now
2023-05-13 12:42:12 INFO  Log:33 - My test case might have some trivial issues
2023-05-13 12:42:20 INFO  Log:28 - This test case is about to get completed
2023-05-13 12:42:20 INFO  Log:20 - ######################################
2023-05-13 12:42:20 INFO  Log:21 - ######################################
2023-05-13 12:42:20 INFO  Log:22 - #################This test case is finished#####################
2023-05-30 21:26:57 INFO  Log:12 - **
2023-05-30 21:26:57 INFO  Log:13 - **
2023-05-30 21:26:57 INFO  Log:14 - **This is the beginning of my Test case**
2023-05-30 21:26:57 INFO  Log:28 - My test case is executing right now
2023-05-30 21:26:57 INFO  Log:33 - My test case might have some trivial issues
2023-05-30 21:27:05 INFO  Log:28 - This test case is about to get completed
2023-05-30 21:27:05 INFO  Log:20 - ######################################
2023-05-30 21:27:05 INFO  Log:21 - ######################################
2023-05-30 21:27:05 INFO  Log:22 - #################This test case is finished#####################
2023-05-30 21:32:22 INFO  Log:12 - **
2023-05-30 21:32:22 INFO  Log:13 - **
2023-05-30 21:32:22 INFO  Log:14 - **This is the beginning of my Test case**
2023-05-30 21:32:22 INFO  Log:28 - My test case is executing right now
2023-05-30 21:32:22 INFO  Log:33 - My test case might have some trivial issues
2023-05-30 21:34:02 INFO  Log:12 - **
2023-05-30 21:34:02 INFO  Log:13 - **
2023-05-30 21:34:02 INFO  Log:14 - **This is the beginning of my Test case**
2023-05-30 21:34:02 INFO  Log:28 - My test case is executing right now
2023-05-30 21:34:02 INFO  Log:33 - My test case might have some trivial issues
2023-05-30 21:34:31 INFO  Log:28 - This test case is about to get completed
2023-05-30 21:34:31 INFO  Log:20 - ######################################
2023-05-30 21:34:31 INFO  Log:21 - ######################################
2023-05-30 21:34:31 INFO  Log:22 - #################This test case is finished#####################
2023-05-30 21:35:27 INFO  Log:12 - **
2023-05-30 21:35:27 INFO  Log:13 - **
2023-05-30 21:35:27 INFO  Log:14 - **This is the beginning of my Test case**
2023-05-30 21:35:27 INFO  Log:28 - My test case is executing right now
2023-05-30 21:35:27 INFO  Log:33 - My test case might have some trivial issues
2023-05-30 21:35:45 INFO  Log:28 - This test case is about to get completed
2023-05-30 21:35:45 INFO  Log:20 - ######################################
2023-05-30 21:35:45 INFO  Log:21 - ######################################
2023-05-30 21:35:45 INFO  Log:22 - #################This test case is finished#####################
2023-05-30 22:00:49 INFO  Log:12 - **
2023-05-30 22:00:49 INFO  Log:13 - **
2023-05-30 22:00:49 INFO  Log:14 - **This is the beginning of my Test case**
2023-05-30 22:00:49 INFO  Log:28 - My test case is executing right now
2023-05-30 22:00:49 INFO  Log:33 - My test case might have some trivial issues
2023-05-30 22:00:57 INFO  Log:28 - This test case is about to get completed
2023-05-30 22:00:57 INFO  Log:20 - ######################################
2023-05-30 22:00:57 INFO  Log:21 - ######################################
2023-05-30 22:00:57 INFO  Log:22 - #################This test case is finished#####################
2023-05-31 19:16:35 INFO  Log:12 - **
2023-05-31 19:16:35 INFO  Log:13 - **
2023-05-31 19:16:35 INFO  Log:14 - **This is the beginning of my Test case**
2023-05-31 19:16:35 INFO  Log:28 - My test case is executing right now
2023-05-31 19:16:35 INFO  Log:33 - My test case might have some trivial issues
2023-05-31 19:16:43 INFO  Log:28 - This test case is about to get completed
2023-05-31 19:16:43 INFO  Log:20 - ######################################
2023-05-31 19:16:43 INFO  Log:21 - ######################################
2023-05-31 19:16:43 INFO  Log:22 - #################This test case is finished#####################
2023-05-31 19:29:36 INFO  Log:12 - **
2023-05-31 19:29:36 INFO  Log:13 - **
2023-05-31 19:29:36 INFO  Log:14 - **This is the beginning of my Test case**
2023-05-31 19:29:36 INFO  Log:28 - My test case is executing right now
2023-05-31 19:29:36 INFO  Log:33 - My test case might have some trivial issues
2023-05-31 19:29:45 INFO  Log:28 - This test case is about to get completed
2023-05-31 19:29:45 INFO  Log:20 - ######################################
2023-05-31 19:29:45 INFO  Log:21 - ######################################
2023-05-31 19:29:45 INFO  Log:22 - #################This test case is finished#####################
2023-05-31 21:13:52 INFO  Log:12 - **
2023-05-31 21:13:52 INFO  Log:13 - **
2023-05-31 21:13:52 INFO  Log:14 - **This is the beginning of my Test case**
2023-05-31 21:13:52 INFO  Log:28 - My test case is executing right now
2023-05-31 21:13:52 INFO  Log:33 - My test case might have some trivial issues
2023-05-31 21:14:02 INFO  Log:28 - This test case is about to get completed
2023-05-31 21:14:02 INFO  Log:20 - ######################################
2023-05-31 21:14:02 INFO  Log:21 - ######################################
2023-05-31 21:14:02 INFO  Log:22 - #################This test case is finished#####################
